<?xml version="1.0" encoding="UTF-8"?>
<!-- Generated by org.testng.reporters.JUnitXMLReporter -->
<testsuite ignored="0" hostname="DevendraS-130398" failures="0" tests="3" name="Surefire test" time="19.193" errors="0" timestamp="05 Apr 2023 12:53:59 GMT">
  <testcase classname="com_st_pages_test.LoginPageTest" name="loginPageURLvalidation" time="0.109"/>
  <testcase classname="com_st_pages_test.LoginPageTest" name="logingpageImgLogoTest" time="0.186"/>
  <testcase classname="com_st_pages_test.LoginPageTest" name="loginSpicetag" time="2.628"/>
</testsuite> <!-- Surefire test -->
