<?xml version="1.0" encoding="UTF-8"?>
<!-- Generated by org.testng.reporters.JUnitXMLReporter -->
<testsuite ignored="0" hostname="DevendraS-130398" failures="0" tests="4" name="Test" time="97.348" errors="0" timestamp="2023-05-24T12:28:32 IST">
  <testcase classname="com_st_pages_test.LoginPageTest" name="loginPageURLvalidation" time="0.018"/>
  <testcase classname="com_st_pages_test.LoginPageTest" name="logingpageImgLogoTest" time="0.15"/>
  <testcase classname="com_st_pages_test.LoginPageTest" name="loginSpicetag" time="2.567"/>
  <testcase classname="com_st_pages_test.homepagetest" name="verifyHomePage" time="0.014"/>
</testsuite> <!-- Test -->
