<?xml version="1.0" encoding="UTF-8"?>
<testsuite xmlns:xsi="http://www.w3.org/2001/XMLSchema-instance" xsi:noNamespaceSchemaLocation="https://maven.apache.org/surefire/maven-surefire-plugin/xsd/surefire-test-report.xsd" name="com_st_pages_test.LoginPageTest" time="19.55" tests="3" errors="0" skipped="0" failures="0">
  <properties>
[...]
</properties>
  <testcase name="loginPageURLvalidation" classname="com_st_pages_test.LoginPageTest" time="0.11"/>
  <testcase name="logingpageImgLogoTest" classname="com_st_pages_test.LoginPageTest" time="0.187"/>
  <testcase name="loginSpicetag" classname="com_st_pages_test.LoginPageTest" time="2.628"/>
</testsuite>