<?xml version="1.0" encoding="UTF-8"?>
<testng-results ignored="0" total="1" passed="1" failed="0" skipped="0">
  <reporter-output>
  </reporter-output>
  <suite started-at="2024-03-08T17:27:39 IST" name="Default suite" finished-at="2024-03-08T17:27:53 IST" duration-ms="13913">
    <groups>
    </groups>
    <test started-at="2024-03-08T17:27:39 IST" name="Default test" finished-at="2024-03-08T17:27:53 IST" duration-ms="13913">
      <class name="com_st_pages_test.homepagetest">
        <test-method is-config="true" signature="setup()[pri:0, instance:com_st_pages_test.homepagetest@43dac38f]" started-at="2024-03-08T17:27:39 IST" name="setup" finished-at="2024-03-08T17:27:45 IST" duration-ms="5177" status="PASS">
          <reporter-output>
          </reporter-output>
        </test-method> <!-- setup -->
        <test-method signature="Openbookingpage()[pri:3, instance:com_st_pages_test.homepagetest@43dac38f]" started-at="2024-03-08T17:27:45 IST" name="Openbookingpage" finished-at="2024-03-08T17:27:53 IST" duration-ms="8694" status="PASS">
          <reporter-output>
          </reporter-output>
        </test-method> <!-- Openbookingpage -->
      </class> <!-- com_st_pages_test.homepagetest -->
    </test> <!-- Default test -->
  </suite> <!-- Default suite -->
</testng-results>
